<?xml version="1.0" encoding="utf-8"?><testsuites><testsuite errors="0" failures="0" hostname="WTFRLVSE120681L" name="pytest" skipped="2" tests="70" time="0.542" timestamp="2021-03-09T15:40:32.808246"><testcase classname="makefun.tests.test_advanced" name="test_non_representable_defaults" time="0.001" /><testcase classname="makefun.tests.test_advanced" name="test_preserve_attributes" time="0.001" /><testcase classname="makefun.tests.test_advanced" name="test_empty_name_in_string" time="0.001" /><testcase classname="makefun.tests.test_advanced" name="test_same_than_wraps_basic" time="0.002" /><testcase classname="makefun.tests.test_advanced" name="tests_wraps_sigchange" time="0.002" /><testcase classname="makefun.tests.test_advanced" name="test_qualname_when_nested" time="0.001" /><testcase classname="makefun.tests.test_advanced" name="test_type_hint_error" time="0.050" /><testcase classname="makefun.tests.test_advanced" name="test_type_hint_error2" time="0.001" /><testcase classname="makefun.tests.test_compile_deco" name="test_compilefun" time="0.009" /><testcase classname="makefun.tests.test_compile_deco" name="test_compilefun_nested" time="0.002" /><testcase classname="makefun.tests.test_compile_deco" name="test_compilefun_nested_already_compiled" time="0.002" /><testcase classname="makefun.tests.test_compile_deco" name="test_compilefun_nested_exclude[variant=all]" time="0.002" /><testcase classname="makefun.tests.test_compile_deco" name="test_compilefun_nested_exclude[variant=named]" time="0.002" /><testcase classname="makefun.tests.test_compile_deco" name="test_compilefun_co_names" time="0.002" /><testcase classname="makefun.tests.test_compile_deco" name="test_compilefun_nameerror" time="0.003" /><testcase classname="makefun.tests.test_compile_deco" name="test_compilefun_method" time="0.002" /><testcase classname="makefun.tests.test_compile_deco" name="test_compileclass_decorator" time="0.001" /><testcase classname="makefun.tests.test_create_from_signature" name="test_positional_only" time="0.001" /><testcase classname="makefun.tests.test_create_from_string" name="test_basic[type_hints=False-self_ref=True]" time="0.001" /><testcase classname="makefun.tests.test_create_from_string" name="test_basic[type_hints=False-self_ref=False]" time="0.001" /><testcase classname="makefun.tests.test_create_from_string" name="test_basic[type_hints=1-self_ref=True]" time="0.002" /><testcase classname="makefun.tests.test_create_from_string" name="test_basic[type_hints=1-self_ref=False]" time="0.001" /><testcase classname="makefun.tests.test_create_from_string" name="test_basic[type_hints=2-self_ref=True]" time="0.001" /><testcase classname="makefun.tests.test_create_from_string" name="test_basic[type_hints=2-self_ref=False]" time="0.001" /><testcase classname="makefun.tests.test_create_from_string" name="test_type_comments" time="0.000"><skipped message="This test is known to fail because inspect.signature does not detect comment type hints" type="pytest.skip">C:\_dev\python_ws\_Libs_OpenSource\python-makefun\makefun\tests\test_create_from_string.py:98: This test is known to fail because inspect.signature does not detect comment type hints</skipped></testcase><testcase classname="makefun.tests.test_create_from_string" name="test_arguments[simple]" time="0.001" /><testcase classname="makefun.tests.test_create_from_string" name="test_arguments[simple_with_star]" time="0.001" /><testcase classname="makefun.tests.test_create_from_string" name="test_arguments[simple_with_star_args1]" time="0.003" /><testcase classname="makefun.tests.test_create_from_string" name="test_arguments[simple_with_star_args2]" time="0.002" /><testcase classname="makefun.tests.test_create_from_string" name="test_arguments[with_type_comments_and_newlines]" time="0.002" /><testcase classname="makefun.tests.test_doc" name="test_ex_nihilo[type=str-decorator=False]" time="0.002" /><testcase classname="makefun.tests.test_doc" name="test_ex_nihilo[type=str-decorator=True]" time="0.003" /><testcase classname="makefun.tests.test_doc" name="test_ex_nihilo[type=Signature-decorator=False]" time="0.002" /><testcase classname="makefun.tests.test_doc" name="test_ex_nihilo[type=Signature-decorator=True]" time="0.002" /><testcase classname="makefun.tests.test_doc" name="test_ex_nihilo_kw_only" time="0.001" /><testcase classname="makefun.tests.test_doc" name="test_from_sig_wrapper[use_decorator=False]" time="0.002" /><testcase classname="makefun.tests.test_doc" name="test_from_sig_wrapper[use_decorator=True]" time="0.002" /><testcase classname="makefun.tests.test_doc" name="test_helper_functions" time="0.002" /><testcase classname="makefun.tests.test_doc" name="test_injection" time="0.002" /><testcase classname="makefun.tests.test_doc" name="test_var_length" time="0.002" /><testcase classname="makefun.tests.test_doc" name="test_positional_only" time="0.001" /><testcase classname="makefun.tests.test_doc" name="test_with_signature" time="0.001" /><testcase classname="makefun.tests.test_doc" name="test_with_signature_none" time="0.001" /><testcase classname="makefun.tests.test_doc" name="test_wraps" time="0.002" /><testcase classname="makefun.tests.test_doc" name="test_wraps_functools" time="0.001" /><testcase classname="makefun.tests.test_doc" name="test_wraps_remove" time="0.001" /><testcase classname="makefun.tests.test_generators_coroutines" name="test_generator" time="0.001" /><testcase classname="makefun.tests.test_generators_coroutines" name="test_generator_with_signature" time="0.001" /><testcase classname="makefun.tests.test_generators_coroutines" name="test_generator_based_coroutine" time="0.001" /><testcase classname="makefun.tests.test_generators_coroutines" name="test_native_coroutine" time="0.107" /><testcase classname="makefun.tests.test_issues" name="test_wraps_varpositional" time="0.001"><skipped message="known to fail" type="pytest.skip">C:\_dev\python_ws\_Libs_OpenSource\python-makefun\makefun\tests\test_issues.py:8: known to fail</skipped></testcase><testcase classname="makefun.tests.test_issues" name="test_varpositional2" time="0.001" /><testcase classname="makefun.tests.test_issues" name="test_invalid_signature_str" time="0.001" /><testcase classname="makefun.tests.test_issues" name="test_invalid_signature_str_py3" time="0.001" /><testcase classname="makefun.tests.test_issues" name="test_return_annotation_in_py2" time="0.001" /><testcase classname="makefun.tests.test_issues" name="test_init_replaced" time="0.001" /><testcase classname="makefun.tests.test_issues" name="test_issue_55" time="0.001" /><testcase classname="makefun.tests.test_issues" name="test_partial_noargs" time="0.002" /><testcase classname="makefun.tests.test_issues" name="test_wraps_dict" time="0.001" /><testcase classname="makefun.tests.test_partial_and_macros" name="test_doc" time="0.008" /><testcase classname="makefun.tests.test_partial_and_macros" name="test_partial" time="0.003" /><testcase classname="makefun.tests.test_partial_and_macros" name="test_issue_57" time="0.001" /><testcase classname="makefun.tests.test_partial_and_macros" name="test_create_with_partial" time="0.001" /><testcase classname="makefun.tests.test_so" name="test_create_facades" time="0.002" /><testcase classname="makefun.tests.test_so" name="test_so_decorator" time="0.001" /><testcase classname="makefun.tests.test_so" name="test_so_facade" time="0.001" /><testcase classname="makefun.tests.test_so" name="test_so_sig_preserving" time="0.002" /><testcase classname="makefun.tests.test_so" name="test_sig_preserving_2" time="0.002" /><testcase classname="makefun.tests.test_so" name="test_so_partial" time="0.002" /><testcase classname="makefun.tests.test_so" name="test_so_partial2" time="0.002" /></testsuite></testsuites>