<?xml version="1.0" encoding="utf-8"?><testsuite errors="0" failures="0" name="pytest" skips="0" tests="1" time="0.069"><testcase classname="makefun.tests.test_main" file="makefun/tests/test_main.py" line="3" name="test_basic" time="0.0022492408752441406"></testcase></testsuite>