<?xml version="1.0" encoding="utf-8"?><testsuite errors="0" failures="0" name="pytest" skips="2" tests="54" time="0.753"><testcase classname="makefun.tests.test_advanced" file="makefun/tests/test_advanced.py" line="15" name="test_non_representable_defaults" time="0.001699209213256836"></testcase><testcase classname="makefun.tests.test_advanced" file="makefun/tests/test_advanced.py" line="28" name="test_preserve_attributes" time="0.0013723373413085938"></testcase><testcase classname="makefun.tests.test_advanced" file="makefun/tests/test_advanced.py" line="43" name="test_empty_name_in_string" time="0.001215219497680664"></testcase><testcase classname="makefun.tests.test_advanced" file="makefun/tests/test_advanced.py" line="56" name="test_same_than_wraps_basic" time="0.00205230712890625"></testcase><testcase classname="makefun.tests.test_advanced" file="makefun/tests/test_advanced.py" line="88" name="tests_wraps_sigchange" time="0.0013554096221923828"></testcase><testcase classname="makefun.tests.test_advanced" file="makefun/tests/test_advanced.py" line="110" name="test_qualname_when_nested" time="0.0015108585357666016"></testcase><testcase classname="makefun.tests.test_advanced" file="makefun/tests/test_advanced.py" line="131" name="test_type_hint_error" time="0.03481793403625488"></testcase><testcase classname="makefun.tests.test_advanced" file="makefun/tests/test_advanced.py" line="145" name="test_type_hint_error2" time="0.001653909683227539"></testcase><testcase classname="makefun.tests.test_create_from_signature" file="makefun/tests/test_create_from_signature.py" line="16" name="test_positional_only" time="0.0018508434295654297"><system-err>Error in generated code:
def foo(a, /, *args, **kwargs):
    return _func_impl_(a, *args, **kwargs)

</system-err></testcase><testcase classname="makefun.tests.test_create_from_string" file="makefun/tests/test_create_from_string.py" line="18" name="test_basic[type_hints=False-self_ref=True]" time="0.0029938220977783203"></testcase><testcase classname="makefun.tests.test_create_from_string" file="makefun/tests/test_create_from_string.py" line="18" name="test_basic[type_hints=False-self_ref=False]" time="0.003200054168701172"></testcase><testcase classname="makefun.tests.test_create_from_string" file="makefun/tests/test_create_from_string.py" line="18" name="test_basic[type_hints=1-self_ref=True]" time="0.0027129650115966797"></testcase><testcase classname="makefun.tests.test_create_from_string" file="makefun/tests/test_create_from_string.py" line="18" name="test_basic[type_hints=1-self_ref=False]" time="0.0025603771209716797"></testcase><testcase classname="makefun.tests.test_create_from_string" file="makefun/tests/test_create_from_string.py" line="18" name="test_basic[type_hints=2-self_ref=True]" time="0.0030095577239990234"></testcase><testcase classname="makefun.tests.test_create_from_string" file="makefun/tests/test_create_from_string.py" line="18" name="test_basic[type_hints=2-self_ref=False]" time="0.00295257568359375"></testcase><testcase classname="makefun.tests.test_create_from_string" file="makefun/tests/test_create_from_string.py" line="98" name="test_type_comments" time="0.0010247230529785156"><skipped message="This test is known to fail because inspect.signature does not detect comment type hints" type="pytest.skip">makefun/tests/test_create_from_string.py:98: &lt;py._xmlgen.raw object at 0x7f34b7e17a90&gt;</skipped></testcase><testcase classname="makefun.tests.test_create_from_string" file="makefun/tests/test_create_from_string.py" line="117" name="test_arguments[case_simple]" time="0.005800724029541016"></testcase><testcase classname="makefun.tests.test_create_from_string" file="makefun/tests/test_create_from_string.py" line="117" name="test_arguments[case_simple_with_star]" time="0.003265857696533203"></testcase><testcase classname="makefun.tests.test_create_from_string" file="makefun/tests/test_create_from_string.py" line="117" name="test_arguments[case_simple_with_star_args1]" time="0.0029685497283935547"></testcase><testcase classname="makefun.tests.test_create_from_string" file="makefun/tests/test_create_from_string.py" line="117" name="test_arguments[case_simple_with_star_args2]" time="0.0027806758880615234"></testcase><testcase classname="makefun.tests.test_create_from_string" file="makefun/tests/test_create_from_string.py" line="117" name="test_arguments[case_with_type_comments_and_newlines]" time="0.0021255016326904297"></testcase><testcase classname="makefun.tests.test_doc" file="makefun/tests/test_doc.py" line="15" name="test_ex_nihilo[type=str-decorator=False]" time="0.0025904178619384766"><system-out>Generated Source :
def foo(b, a=0):
    return _func_impl_(b=b, a=a)

func_impl called !
</system-out></testcase><testcase classname="makefun.tests.test_doc" file="makefun/tests/test_doc.py" line="15" name="test_ex_nihilo[type=str-decorator=True]" time="0.0035047531127929688"><system-out>Generated Source :
def foo(b, a=0):
    return _func_impl_(b=b, a=a)

func_impl called !
</system-out></testcase><testcase classname="makefun.tests.test_doc" file="makefun/tests/test_doc.py" line="15" name="test_ex_nihilo[type=Signature-decorator=False]" time="0.0029532909393310547"><system-out>Generated Source :
def foo(b, a=0):
    return _func_impl_(b=b, a=a)

func_impl called !
</system-out></testcase><testcase classname="makefun.tests.test_doc" file="makefun/tests/test_doc.py" line="15" name="test_ex_nihilo[type=Signature-decorator=True]" time="0.0027277469635009766"><system-out>Generated Source :
def foo(b, a=0):
    return _func_impl_(b=b, a=a)

func_impl called !
</system-out></testcase><testcase classname="makefun.tests.test_doc" file="makefun/tests/test_doc.py" line="53" name="test_ex_nihilo_kw_only" time="0.001653909683227539"><system-out>def foo(b, *, a=0, **kwargs):
    return _func_impl_(b=b, a=a, **kwargs)

</system-out></testcase><testcase classname="makefun.tests.test_doc" file="makefun/tests/test_doc.py" line="70" name="test_from_sig_wrapper[use_decorator=False]" time="0.0013370513916015625"><system-out>Original Signature: (b, a=0)
New Signature: (z, b, a=0)
Generated Source :
def foo(z, b, a=0):
    return _func_impl_(z=z, b=b, a=a)

func_impl called ! z=3
foo called: b=2, a=0
</system-out></testcase><testcase classname="makefun.tests.test_doc" file="makefun/tests/test_doc.py" line="70" name="test_from_sig_wrapper[use_decorator=True]" time="0.0027480125427246094"><system-out>Original Signature: (b, a=0)
New Signature: (z, b, a=0)
Generated Source :
def foo(z, b, a=0):
    return _func_impl_(z=z, b=b, a=a)

func_impl called ! z=3
foo called: b=2, a=0
</system-out></testcase><testcase classname="makefun.tests.test_doc" file="makefun/tests/test_doc.py" line="112" name="test_helper_functions" time="0.0020051002502441406"><system-out>original signature: (b, c, a=0)
modified signature: (z, c, o=True)
</system-out></testcase><testcase classname="makefun.tests.test_doc" file="makefun/tests/test_doc.py" line="132" name="test_injection" time="0.0024526119232177734"><system-out>This is generic handler called by func1
called from func1 !
This is generic handler called by func2
</system-out></testcase><testcase classname="makefun.tests.test_doc" file="makefun/tests/test_doc.py" line="149" name="test_var_length" time="0.002602100372314453"><system-out>def foo(a, b=0, *args, **kwargs):
    return _func_impl_(a, b, *args, **kwargs)

func_impl called !

func_impl called !

func_impl called !

def foo(b=0, *args, **kwargs):
    return _func_impl_(b, *args, **kwargs)

func_impl called !

func_impl called !

</system-out></testcase><testcase classname="makefun.tests.test_doc" file="makefun/tests/test_doc.py" line="199" name="test_positional_only" time="0.0017287731170654297"></testcase><testcase classname="makefun.tests.test_doc" file="makefun/tests/test_doc.py" line="208" name="test_with_signature" time="0.002481222152709961"></testcase><testcase classname="makefun.tests.test_doc" file="makefun/tests/test_doc.py" line="221" name="test_with_signature_none" time="0.0017936229705810547"></testcase><testcase classname="makefun.tests.test_doc" file="makefun/tests/test_doc.py" line="237" name="test_wraps" time="0.003265380859375"></testcase><testcase classname="makefun.tests.test_doc" file="makefun/tests/test_doc.py" line="273" name="test_wraps_functools" time="0.0018422603607177734"></testcase><testcase classname="makefun.tests.test_generators_coroutines" file="makefun/tests/test_generators_coroutines.py" line="21" name="test_generator" time="0.0027544498443603516"></testcase><testcase classname="makefun.tests.test_generators_coroutines" file="makefun/tests/test_generators_coroutines.py" line="37" name="test_generator_with_signature" time="0.0027284622192382812"></testcase><testcase classname="makefun.tests.test_generators_coroutines" file="makefun/tests/test_generators_coroutines.py" line="53" name="test_generator_based_coroutine" time="0.002633333206176758"></testcase><testcase classname="makefun.tests.test_generators_coroutines" file="makefun/tests/test_generators_coroutines.py" line="77" name="test_native_coroutine" time="0.10419082641601562"></testcase><testcase classname="makefun.tests.test_issues" file="makefun/tests/test_issues.py" line="7" name="test_wraps_varpositional" time="0.0011806488037109375"><skipped message="known to fail" type="pytest.skip">makefun/tests/test_issues.py:7: &lt;py._xmlgen.raw object at 0x7f34b7dbbd30&gt;</skipped></testcase><testcase classname="makefun.tests.test_issues" file="makefun/tests/test_issues.py" line="20" name="test_varpositional2" time="0.002718210220336914"></testcase><testcase classname="makefun.tests.test_issues" file="makefun/tests/test_issues.py" line="31" name="test_invalid_signature_str" time="0.0017321109771728516"></testcase><testcase classname="makefun.tests.test_issues" file="makefun/tests/test_issues.py" line="41" name="test_invalid_signature_str_py3" time="0.002541780471801758"></testcase><testcase classname="makefun.tests.test_issues" file="makefun/tests/test_issues.py" line="51" name="test_init_replaced" time="0.0027823448181152344"></testcase><testcase classname="makefun.tests.test_partial_and_macros" file="makefun/tests/test_partial_and_macros.py" line="3" name="test_doc" time="0.00562286376953125"><system-out>Help on function bar in module makefun.tests.test_partial_and_macros:

bar(y)
    &lt;This function is equivalent to &apos;foo(y, x=12)&apos;, see original &apos;foo&apos; doc below.&gt;
    
    a `foo` function
    
    :param x:
    :param y:
    :return:

</system-out></testcase><testcase classname="makefun.tests.test_partial_and_macros" file="makefun/tests/test_partial_and_macros.py" line="21" name="test_partial" time="0.002485990524291992"><system-out>hello
1 2
Help on function foo in module makefun.tests.test_partial_and_macros:

foo(x, y)
    &lt;This function is equivalent to &apos;foo(x, y, a=hello)&apos;, see original &apos;foo&apos; doc below.&gt;
    
    a `foo` function
    
    :param x:
    :param y:
    :param a:
    :return:

</system-out></testcase><testcase classname="makefun.tests.test_so" file="makefun/tests/test_so.py" line="14" name="test_create_facades" time="0.004216670989990234"></testcase><testcase classname="makefun.tests.test_so" file="makefun/tests/test_so.py" line="76" name="test_so_decorator" time="0.0032999515533447266"><system-out>Help on function hello in module makefun.tests.test_so:

hello()
    what?

</system-out></testcase><testcase classname="makefun.tests.test_so" file="makefun/tests/test_so.py" line="111" name="test_so_facade" time="0.002056121826171875"></testcase><testcase classname="makefun.tests.test_so" file="makefun/tests/test_so.py" line="149" name="test_so_sig_preserving" time="0.002942800521850586"></testcase><testcase classname="makefun.tests.test_so" file="makefun/tests/test_so.py" line="183" name="test_sig_preserving_2" time="0.002866029739379883"></testcase><testcase classname="makefun.tests.test_so" file="makefun/tests/test_so.py" line="230" name="test_so_partial" time="0.004118919372558594"></testcase><testcase classname="makefun.tests.test_so" file="makefun/tests/test_so.py" line="260" name="test_so_partial2" time="0.006075143814086914"></testcase></testsuite>