<?xml version="1.0" encoding="utf-8"?><testsuite errors="0" failures="0" name="pytest" skips="2" tests="55" time="0.741"><testcase classname="makefun.tests.test_advanced" file="makefun/tests/test_advanced.py" line="15" name="test_non_representable_defaults" time="0.0026459693908691406"></testcase><testcase classname="makefun.tests.test_advanced" file="makefun/tests/test_advanced.py" line="28" name="test_preserve_attributes" time="0.002125263214111328"></testcase><testcase classname="makefun.tests.test_advanced" file="makefun/tests/test_advanced.py" line="43" name="test_empty_name_in_string" time="0.0019063949584960938"></testcase><testcase classname="makefun.tests.test_advanced" file="makefun/tests/test_advanced.py" line="56" name="test_same_than_wraps_basic" time="0.002676248550415039"></testcase><testcase classname="makefun.tests.test_advanced" file="makefun/tests/test_advanced.py" line="88" name="tests_wraps_sigchange" time="0.0018160343170166016"></testcase><testcase classname="makefun.tests.test_advanced" file="makefun/tests/test_advanced.py" line="110" name="test_qualname_when_nested" time="0.002290487289428711"></testcase><testcase classname="makefun.tests.test_advanced" file="makefun/tests/test_advanced.py" line="131" name="test_type_hint_error" time="0.0359194278717041"></testcase><testcase classname="makefun.tests.test_advanced" file="makefun/tests/test_advanced.py" line="145" name="test_type_hint_error2" time="0.002554178237915039"></testcase><testcase classname="makefun.tests.test_create_from_signature" file="makefun/tests/test_create_from_signature.py" line="16" name="test_positional_only" time="0.0026848316192626953"><system-err>Error in generated code:
def foo(a, /, *args, **kwargs):
    return _func_impl_(a, *args, **kwargs)

</system-err></testcase><testcase classname="makefun.tests.test_create_from_string" file="makefun/tests/test_create_from_string.py" line="18" name="test_basic[type_hints=False-self_ref=True]" time="0.003153562545776367"></testcase><testcase classname="makefun.tests.test_create_from_string" file="makefun/tests/test_create_from_string.py" line="18" name="test_basic[type_hints=False-self_ref=False]" time="0.0031015872955322266"></testcase><testcase classname="makefun.tests.test_create_from_string" file="makefun/tests/test_create_from_string.py" line="18" name="test_basic[type_hints=1-self_ref=True]" time="0.0029959678649902344"></testcase><testcase classname="makefun.tests.test_create_from_string" file="makefun/tests/test_create_from_string.py" line="18" name="test_basic[type_hints=1-self_ref=False]" time="0.0027556419372558594"></testcase><testcase classname="makefun.tests.test_create_from_string" file="makefun/tests/test_create_from_string.py" line="18" name="test_basic[type_hints=2-self_ref=True]" time="0.002775907516479492"></testcase><testcase classname="makefun.tests.test_create_from_string" file="makefun/tests/test_create_from_string.py" line="18" name="test_basic[type_hints=2-self_ref=False]" time="0.002434253692626953"></testcase><testcase classname="makefun.tests.test_create_from_string" file="makefun/tests/test_create_from_string.py" line="98" name="test_type_comments" time="0.0009505748748779297"><skipped message="This test is known to fail because inspect.signature does not detect comment type hints" type="pytest.skip">makefun/tests/test_create_from_string.py:98: &lt;py._xmlgen.raw object at 0x7f4ab7273a90&gt;</skipped></testcase><testcase classname="makefun.tests.test_create_from_string" file="makefun/tests/test_create_from_string.py" line="117" name="test_arguments[case_simple]" time="0.003056764602661133"></testcase><testcase classname="makefun.tests.test_create_from_string" file="makefun/tests/test_create_from_string.py" line="117" name="test_arguments[case_simple_with_star]" time="0.002585172653198242"></testcase><testcase classname="makefun.tests.test_create_from_string" file="makefun/tests/test_create_from_string.py" line="117" name="test_arguments[case_simple_with_star_args1]" time="0.002788543701171875"></testcase><testcase classname="makefun.tests.test_create_from_string" file="makefun/tests/test_create_from_string.py" line="117" name="test_arguments[case_simple_with_star_args2]" time="0.0023865699768066406"></testcase><testcase classname="makefun.tests.test_create_from_string" file="makefun/tests/test_create_from_string.py" line="117" name="test_arguments[case_with_type_comments_and_newlines]" time="0.0016908645629882812"></testcase><testcase classname="makefun.tests.test_doc" file="makefun/tests/test_doc.py" line="15" name="test_ex_nihilo[type=str-decorator=False]" time="0.0035643577575683594"><system-out>Generated Source :
def foo(b, a=0):
    return _func_impl_(b=b, a=a)

func_impl called !
</system-out></testcase><testcase classname="makefun.tests.test_doc" file="makefun/tests/test_doc.py" line="15" name="test_ex_nihilo[type=str-decorator=True]" time="0.0026793479919433594"><system-out>Generated Source :
def foo(b, a=0):
    return _func_impl_(b=b, a=a)

func_impl called !
</system-out></testcase><testcase classname="makefun.tests.test_doc" file="makefun/tests/test_doc.py" line="15" name="test_ex_nihilo[type=Signature-decorator=False]" time="0.002132892608642578"><system-out>Generated Source :
def foo(b, a=0):
    return _func_impl_(b=b, a=a)

func_impl called !
</system-out></testcase><testcase classname="makefun.tests.test_doc" file="makefun/tests/test_doc.py" line="15" name="test_ex_nihilo[type=Signature-decorator=True]" time="0.0022346973419189453"><system-out>Generated Source :
def foo(b, a=0):
    return _func_impl_(b=b, a=a)

func_impl called !
</system-out></testcase><testcase classname="makefun.tests.test_doc" file="makefun/tests/test_doc.py" line="53" name="test_ex_nihilo_kw_only" time="0.0014586448669433594"><system-out>def foo(b, *, a=0, **kwargs):
    return _func_impl_(b=b, a=a, **kwargs)

</system-out></testcase><testcase classname="makefun.tests.test_doc" file="makefun/tests/test_doc.py" line="70" name="test_from_sig_wrapper[use_decorator=False]" time="0.0015833377838134766"><system-out>Original Signature: (b, a=0)
New Signature: (z, b, a=0)
Generated Source :
def foo(z, b, a=0):
    return _func_impl_(z=z, b=b, a=a)

func_impl called ! z=3
foo called: b=2, a=0
</system-out></testcase><testcase classname="makefun.tests.test_doc" file="makefun/tests/test_doc.py" line="70" name="test_from_sig_wrapper[use_decorator=True]" time="0.0016775131225585938"><system-out>Original Signature: (b, a=0)
New Signature: (z, b, a=0)
Generated Source :
def foo(z, b, a=0):
    return _func_impl_(z=z, b=b, a=a)

func_impl called ! z=3
foo called: b=2, a=0
</system-out></testcase><testcase classname="makefun.tests.test_doc" file="makefun/tests/test_doc.py" line="112" name="test_helper_functions" time="0.0014691352844238281"><system-out>original signature: (b, c, a=0)
modified signature: (z, c, o=True)
</system-out></testcase><testcase classname="makefun.tests.test_doc" file="makefun/tests/test_doc.py" line="132" name="test_injection" time="0.001984119415283203"><system-out>This is generic handler called by func1
called from func1 !
This is generic handler called by func2
</system-out></testcase><testcase classname="makefun.tests.test_doc" file="makefun/tests/test_doc.py" line="149" name="test_var_length" time="0.0021102428436279297"><system-out>def foo(a, b=0, *args, **kwargs):
    return _func_impl_(a, b, *args, **kwargs)

func_impl called !

func_impl called !

func_impl called !

def foo(b=0, *args, **kwargs):
    return _func_impl_(b, *args, **kwargs)

func_impl called !

func_impl called !

</system-out></testcase><testcase classname="makefun.tests.test_doc" file="makefun/tests/test_doc.py" line="199" name="test_positional_only" time="0.0012693405151367188"></testcase><testcase classname="makefun.tests.test_doc" file="makefun/tests/test_doc.py" line="208" name="test_with_signature" time="0.0019915103912353516"></testcase><testcase classname="makefun.tests.test_doc" file="makefun/tests/test_doc.py" line="221" name="test_with_signature_none" time="0.0017032623291015625"></testcase><testcase classname="makefun.tests.test_doc" file="makefun/tests/test_doc.py" line="237" name="test_wraps" time="0.0027894973754882812"></testcase><testcase classname="makefun.tests.test_doc" file="makefun/tests/test_doc.py" line="273" name="test_wraps_functools" time="0.0012812614440917969"></testcase><testcase classname="makefun.tests.test_generators_coroutines" file="makefun/tests/test_generators_coroutines.py" line="21" name="test_generator" time="0.0012011528015136719"></testcase><testcase classname="makefun.tests.test_generators_coroutines" file="makefun/tests/test_generators_coroutines.py" line="37" name="test_generator_with_signature" time="0.0019674301147460938"></testcase><testcase classname="makefun.tests.test_generators_coroutines" file="makefun/tests/test_generators_coroutines.py" line="53" name="test_generator_based_coroutine" time="0.0018291473388671875"></testcase><testcase classname="makefun.tests.test_generators_coroutines" file="makefun/tests/test_generators_coroutines.py" line="77" name="test_native_coroutine" time="0.10416984558105469"></testcase><testcase classname="makefun.tests.test_issues" file="makefun/tests/test_issues.py" line="7" name="test_wraps_varpositional" time="0.000957489013671875"><skipped message="known to fail" type="pytest.skip">makefun/tests/test_issues.py:7: &lt;py._xmlgen.raw object at 0x7f4ab7215a90&gt;</skipped></testcase><testcase classname="makefun.tests.test_issues" file="makefun/tests/test_issues.py" line="20" name="test_varpositional2" time="0.001495361328125"></testcase><testcase classname="makefun.tests.test_issues" file="makefun/tests/test_issues.py" line="31" name="test_invalid_signature_str" time="0.0014510154724121094"></testcase><testcase classname="makefun.tests.test_issues" file="makefun/tests/test_issues.py" line="41" name="test_invalid_signature_str_py3" time="0.001880645751953125"></testcase><testcase classname="makefun.tests.test_issues" file="makefun/tests/test_issues.py" line="51" name="test_return_annotation_in_py2" time="0.001821279525756836"></testcase><testcase classname="makefun.tests.test_issues" file="makefun/tests/test_issues.py" line="65" name="test_init_replaced" time="0.0020678043365478516"></testcase><testcase classname="makefun.tests.test_partial_and_macros" file="makefun/tests/test_partial_and_macros.py" line="3" name="test_doc" time="0.00616455078125"><system-out>Help on function bar in module makefun.tests.test_partial_and_macros:

bar(y)
    &lt;This function is equivalent to &apos;foo(y, x=12)&apos;, see original &apos;foo&apos; doc below.&gt;
    
    a `foo` function
    
    :param x:
    :param y:
    :return:

</system-out></testcase><testcase classname="makefun.tests.test_partial_and_macros" file="makefun/tests/test_partial_and_macros.py" line="21" name="test_partial" time="0.0026509761810302734"><system-out>hello
1 2
Help on function foo in module makefun.tests.test_partial_and_macros:

foo(x, y)
    &lt;This function is equivalent to &apos;foo(x, y, a=hello)&apos;, see original &apos;foo&apos; doc below.&gt;
    
    a `foo` function
    
    :param x:
    :param y:
    :param a:
    :return:

</system-out></testcase><testcase classname="makefun.tests.test_so" file="makefun/tests/test_so.py" line="14" name="test_create_facades" time="0.0036389827728271484"></testcase><testcase classname="makefun.tests.test_so" file="makefun/tests/test_so.py" line="76" name="test_so_decorator" time="0.0025606155395507812"><system-out>Help on function hello in module makefun.tests.test_so:

hello()
    what?

</system-out></testcase><testcase classname="makefun.tests.test_so" file="makefun/tests/test_so.py" line="111" name="test_so_facade" time="0.002012014389038086"></testcase><testcase classname="makefun.tests.test_so" file="makefun/tests/test_so.py" line="149" name="test_so_sig_preserving" time="0.0029485225677490234"></testcase><testcase classname="makefun.tests.test_so" file="makefun/tests/test_so.py" line="183" name="test_sig_preserving_2" time="0.0036394596099853516"></testcase><testcase classname="makefun.tests.test_so" file="makefun/tests/test_so.py" line="230" name="test_so_partial" time="0.003505229949951172"></testcase><testcase classname="makefun.tests.test_so" file="makefun/tests/test_so.py" line="260" name="test_so_partial2" time="0.004419803619384766"></testcase></testsuite>