<?xml version="1.0" encoding="utf-8"?><testsuite errors="0" failures="0" name="pytest" skips="1" tests="27" time="0.507"><testcase classname="makefun.tests.test_create_from_signature" file="makefun/tests/test_create_from_signature.py" line="16" name="test_positional_only" time="0.0021698474884033203"><system-err>Error in generated code:
def foo(a, /, *args, **kwargs):
    return _call_handler_(a, *args, **kwargs)

</system-err></testcase><testcase classname="makefun.tests.test_create_from_string" file="makefun/tests/test_create_from_string.py" line="18" name="test_basic[type_hints=False-self_ref=True]" time="0.0025975704193115234"></testcase><testcase classname="makefun.tests.test_create_from_string" file="makefun/tests/test_create_from_string.py" line="18" name="test_basic[type_hints=False-self_ref=False]" time="0.0025768280029296875"></testcase><testcase classname="makefun.tests.test_create_from_string" file="makefun/tests/test_create_from_string.py" line="18" name="test_basic[type_hints=1-self_ref=True]" time="0.0017428398132324219"></testcase><testcase classname="makefun.tests.test_create_from_string" file="makefun/tests/test_create_from_string.py" line="18" name="test_basic[type_hints=1-self_ref=False]" time="0.001981973648071289"></testcase><testcase classname="makefun.tests.test_create_from_string" file="makefun/tests/test_create_from_string.py" line="18" name="test_basic[type_hints=2-self_ref=True]" time="0.00232696533203125"></testcase><testcase classname="makefun.tests.test_create_from_string" file="makefun/tests/test_create_from_string.py" line="18" name="test_basic[type_hints=2-self_ref=False]" time="0.0026705265045166016"></testcase><testcase classname="makefun.tests.test_create_from_string" file="makefun/tests/test_create_from_string.py" line="98" name="test_type_comments" time="0.0013895034790039062"><skipped message="This test is known to fail because inspect.signature does not detect comment type hints" type="pytest.skip">makefun/tests/test_create_from_string.py:98: &lt;py._xmlgen.raw object at 0x7fe53f0919b0&gt;</skipped></testcase><testcase classname="makefun.tests.test_create_from_string" file="makefun/tests/test_create_from_string.py" line="117" name="test_arguments[case_simple]" time="0.0017976760864257812"></testcase><testcase classname="makefun.tests.test_create_from_string" file="makefun/tests/test_create_from_string.py" line="117" name="test_arguments[case_simple_with_star]" time="0.0016820430755615234"></testcase><testcase classname="makefun.tests.test_create_from_string" file="makefun/tests/test_create_from_string.py" line="117" name="test_arguments[case_simple_with_star_args1]" time="0.002474546432495117"></testcase><testcase classname="makefun.tests.test_create_from_string" file="makefun/tests/test_create_from_string.py" line="117" name="test_arguments[case_simple_with_star_args2]" time="0.002366781234741211"></testcase><testcase classname="makefun.tests.test_create_from_string" file="makefun/tests/test_create_from_string.py" line="117" name="test_arguments[case_with_type_comments_and_newlines]" time="0.0024268627166748047"></testcase><testcase classname="makefun.tests.test_doc" file="makefun/tests/test_doc.py" line="14" name="test_from_string" time="0.002163410186767578"><system-out>Generated Source :
def foo(b, a=0):
    return _call_handler_(b=b, a=a)

my_handler called !
def foo(b, *, a=0, **kwargs):
    return _call_handler_(b=b, a=a, **kwargs)

</system-out></testcase><testcase classname="makefun.tests.test_doc" file="makefun/tests/test_doc.py" line="49" name="test_from_sig" time="0.0013158321380615234"><system-out>Original Signature: (b, a=0)
New Signature: (z, b, a=0)
Generated Source :
def foo(z, b, a=0):
    return _call_handler_(z=z, b=b, a=a)

my_handler called ! z=3
foo called: b=2, a=0
</system-out></testcase><testcase classname="makefun.tests.test_doc" file="makefun/tests/test_doc.py" line="87" name="test_helper_functions" time="0.0014247894287109375"></testcase><testcase classname="makefun.tests.test_doc" file="makefun/tests/test_doc.py" line="104" name="test_injection" time="0.001538991928100586"><system-out>This is generic handler called by func1
called from func1 !
This is generic handler called by func2
</system-out></testcase><testcase classname="makefun.tests.test_doc" file="makefun/tests/test_doc.py" line="121" name="test_var_length" time="0.0018041133880615234"><system-out>def foo(a=0, *args, **kwargs):
    return _call_handler_(a=a, *args, **kwargs)

my_handler called !
</system-out></testcase><testcase classname="makefun.tests.test_doc" file="makefun/tests/test_doc.py" line="136" name="test_positional_only" time="0.0008704662322998047"></testcase><testcase classname="makefun.tests.test_doc" file="makefun/tests/test_doc.py" line="145" name="test_with_signature" time="0.001585245132446289"></testcase><testcase classname="makefun.tests.test_doc" file="makefun/tests/test_doc.py" line="158" name="test_with_signature_none" time="0.0011794567108154297"></testcase><testcase classname="makefun.tests.test_doc" file="makefun/tests/test_doc.py" line="174" name="test_with_signature_wrapper" time="0.0029954910278320312"></testcase><testcase classname="makefun.tests.test_generators_coroutines" file="makefun/tests/test_generators_coroutines.py" line="21" name="test_generator" time="0.0022330284118652344"></testcase><testcase classname="makefun.tests.test_generators_coroutines" file="makefun/tests/test_generators_coroutines.py" line="37" name="test_generator_with_signature" time="0.0016837120056152344"></testcase><testcase classname="makefun.tests.test_generators_coroutines" file="makefun/tests/test_generators_coroutines.py" line="53" name="test_generator_based_coroutine" time="0.0013234615325927734"></testcase><testcase classname="makefun.tests.test_generators_coroutines" file="makefun/tests/test_generators_coroutines.py" line="77" name="test_native_coroutine" time="0.1376051902770996"></testcase><testcase classname="makefun.tests.test_so" file="makefun/tests/test_so.py" line="9" name="test_create_facades" time="0.002877950668334961"><system-out>This is generic handler called by func1
called from func1 !
This is generic handler called by func2
This is generic handler called by func3
</system-out></testcase></testsuite>