<?xml version="1.0" encoding="utf-8"?><testsuite errors="0" failures="0" name="pytest" skips="1" tests="26" time="0.491"><testcase classname="makefun.tests.test_create_from_signature" file="makefun/tests/test_create_from_signature.py" line="16" name="test_positional_only" time="0.0027403831481933594"><system-err>Error in generated code:
def foo(a, /, *args, **kwargs):
    return _call_handler_(a, *args, **kwargs)

</system-err></testcase><testcase classname="makefun.tests.test_create_from_string" file="makefun/tests/test_create_from_string.py" line="18" name="test_basic[type_hints=False-self_ref=True]" time="0.002262592315673828"></testcase><testcase classname="makefun.tests.test_create_from_string" file="makefun/tests/test_create_from_string.py" line="18" name="test_basic[type_hints=False-self_ref=False]" time="0.00246429443359375"></testcase><testcase classname="makefun.tests.test_create_from_string" file="makefun/tests/test_create_from_string.py" line="18" name="test_basic[type_hints=1-self_ref=True]" time="0.002713441848754883"></testcase><testcase classname="makefun.tests.test_create_from_string" file="makefun/tests/test_create_from_string.py" line="18" name="test_basic[type_hints=1-self_ref=False]" time="0.0022804737091064453"></testcase><testcase classname="makefun.tests.test_create_from_string" file="makefun/tests/test_create_from_string.py" line="18" name="test_basic[type_hints=2-self_ref=True]" time="0.0018134117126464844"></testcase><testcase classname="makefun.tests.test_create_from_string" file="makefun/tests/test_create_from_string.py" line="18" name="test_basic[type_hints=2-self_ref=False]" time="0.002442598342895508"></testcase><testcase classname="makefun.tests.test_create_from_string" file="makefun/tests/test_create_from_string.py" line="98" name="test_type_comments" time="0.0010123252868652344"><skipped message="This test is known to fail because inspect.signature does not detect comment type hints" type="pytest.skip">makefun/tests/test_create_from_string.py:98: &lt;py._xmlgen.raw object at 0x7f11d03e1978&gt;</skipped></testcase><testcase classname="makefun.tests.test_create_from_string" file="makefun/tests/test_create_from_string.py" line="117" name="test_arguments[case_simple]" time="0.002234220504760742"></testcase><testcase classname="makefun.tests.test_create_from_string" file="makefun/tests/test_create_from_string.py" line="117" name="test_arguments[case_simple_with_star]" time="0.0022144317626953125"></testcase><testcase classname="makefun.tests.test_create_from_string" file="makefun/tests/test_create_from_string.py" line="117" name="test_arguments[case_simple_with_star_args1]" time="0.001974344253540039"></testcase><testcase classname="makefun.tests.test_create_from_string" file="makefun/tests/test_create_from_string.py" line="117" name="test_arguments[case_simple_with_star_args2]" time="0.0019156932830810547"></testcase><testcase classname="makefun.tests.test_create_from_string" file="makefun/tests/test_create_from_string.py" line="117" name="test_arguments[case_with_type_comments_and_newlines]" time="0.002311229705810547"></testcase><testcase classname="makefun.tests.test_doc" file="makefun/tests/test_doc.py" line="14" name="test_from_string" time="0.0025763511657714844"><system-out>Generated Source :
def foo(b, a=0):
    return _call_handler_(b=b, a=a)

my_handler called !
def foo(b, *, a=0, **kwargs):
    return _call_handler_(b=b, a=a, **kwargs)

</system-out></testcase><testcase classname="makefun.tests.test_doc" file="makefun/tests/test_doc.py" line="49" name="test_from_sig" time="0.0019927024841308594"><system-out>Original Signature: (b, a=0)
New Signature: (z, b, a=0)
Generated Source :
def foo(z, b, a=0):
    return _call_handler_(z=z, b=b, a=a)

my_handler called ! z=3
foo called: b=2, a=0
</system-out></testcase><testcase classname="makefun.tests.test_doc" file="makefun/tests/test_doc.py" line="87" name="test_helper_functions" time="0.0015497207641601562"></testcase><testcase classname="makefun.tests.test_doc" file="makefun/tests/test_doc.py" line="104" name="test_injection" time="0.0018274784088134766"><system-out>This is generic handler called by func1
called from func1 !
This is generic handler called by func2
</system-out></testcase><testcase classname="makefun.tests.test_doc" file="makefun/tests/test_doc.py" line="121" name="test_var_length" time="0.001508951187133789"><system-out>def foo(a=0, *args, **kwargs):
    return _call_handler_(a=a, *args, **kwargs)

my_handler called !
</system-out></testcase><testcase classname="makefun.tests.test_doc" file="makefun/tests/test_doc.py" line="136" name="test_positional_only" time="0.0013320446014404297"></testcase><testcase classname="makefun.tests.test_doc" file="makefun/tests/test_doc.py" line="145" name="test_with_signature" time="0.0020246505737304688"></testcase><testcase classname="makefun.tests.test_doc" file="makefun/tests/test_doc.py" line="158" name="test_with_signature_wrapper" time="0.0032575130462646484"></testcase><testcase classname="makefun.tests.test_generators_coroutines" file="makefun/tests/test_generators_coroutines.py" line="21" name="test_generator" time="0.0019114017486572266"></testcase><testcase classname="makefun.tests.test_generators_coroutines" file="makefun/tests/test_generators_coroutines.py" line="37" name="test_generator_with_signature" time="0.0014681816101074219"></testcase><testcase classname="makefun.tests.test_generators_coroutines" file="makefun/tests/test_generators_coroutines.py" line="53" name="test_generator_based_coroutine" time="0.0014450550079345703"></testcase><testcase classname="makefun.tests.test_generators_coroutines" file="makefun/tests/test_generators_coroutines.py" line="77" name="test_native_coroutine" time="0.14154386520385742"></testcase><testcase classname="makefun.tests.test_so" file="makefun/tests/test_so.py" line="9" name="test_create_facades" time="0.002200603485107422"><system-out>This is generic handler called by func1
called from func1 !
This is generic handler called by func2
This is generic handler called by func3
</system-out></testcase></testsuite>