<?xml version="1.0" encoding="utf-8"?><testsuite errors="0" failures="0" name="pytest" skips="2" tests="67" time="0.661"><testcase classname="makefun.tests.test_advanced" file="makefun/tests/test_advanced.py" line="15" name="test_non_representable_defaults" time="0.004151105880737305"></testcase><testcase classname="makefun.tests.test_advanced" file="makefun/tests/test_advanced.py" line="28" name="test_preserve_attributes" time="0.0013244152069091797"></testcase><testcase classname="makefun.tests.test_advanced" file="makefun/tests/test_advanced.py" line="43" name="test_empty_name_in_string" time="0.0012636184692382812"></testcase><testcase classname="makefun.tests.test_advanced" file="makefun/tests/test_advanced.py" line="56" name="test_same_than_wraps_basic" time="0.0016634464263916016"></testcase><testcase classname="makefun.tests.test_advanced" file="makefun/tests/test_advanced.py" line="88" name="tests_wraps_sigchange" time="0.001285552978515625"></testcase><testcase classname="makefun.tests.test_advanced" file="makefun/tests/test_advanced.py" line="110" name="test_qualname_when_nested" time="0.001445770263671875"></testcase><testcase classname="makefun.tests.test_advanced" file="makefun/tests/test_advanced.py" line="131" name="test_type_hint_error" time="0.027346372604370117"></testcase><testcase classname="makefun.tests.test_advanced" file="makefun/tests/test_advanced.py" line="145" name="test_type_hint_error2" time="0.0014126300811767578"></testcase><testcase classname="makefun.tests.test_compile_deco" file="makefun/tests/test_compile_deco.py" line="10" name="test_compilefun" time="0.005929231643676758"></testcase><testcase classname="makefun.tests.test_compile_deco" file="makefun/tests/test_compile_deco.py" line="43" name="test_compilefun_nested" time="0.0019199848175048828"></testcase><testcase classname="makefun.tests.test_compile_deco" file="makefun/tests/test_compile_deco.py" line="58" name="test_compilefun_nested_already_compiled" time="0.0020771026611328125"></testcase><testcase classname="makefun.tests.test_compile_deco" file="makefun/tests/test_compile_deco.py" line="74" name="test_compilefun_nested_exclude[variant=all]" time="0.002013683319091797"></testcase><testcase classname="makefun.tests.test_compile_deco" file="makefun/tests/test_compile_deco.py" line="74" name="test_compilefun_nested_exclude[variant=named]" time="0.0019447803497314453"></testcase><testcase classname="makefun.tests.test_compile_deco" file="makefun/tests/test_compile_deco.py" line="96" name="test_compilefun_co_names" time="0.0017313957214355469"></testcase><testcase classname="makefun.tests.test_compile_deco" file="makefun/tests/test_compile_deco.py" line="113" name="test_compilefun_nameerror" time="0.0015099048614501953"></testcase><testcase classname="makefun.tests.test_compile_deco" file="makefun/tests/test_compile_deco.py" line="125" name="test_compilefun_method" time="0.0019769668579101562"><system-out>in A.meth1: par1 = via meth1
</system-out></testcase><testcase classname="makefun.tests.test_compile_deco" file="makefun/tests/test_compile_deco.py" line="148" name="test_compileclass_decorator" time="0.0012145042419433594"></testcase><testcase classname="makefun.tests.test_create_from_signature" file="makefun/tests/test_create_from_signature.py" line="16" name="test_positional_only" time="0.0017070770263671875"><system-err>Error in generated code:
def foo(a, /, *args, **kwargs):
    return _func_impl_(a, *args, **kwargs)

</system-err></testcase><testcase classname="makefun.tests.test_create_from_string" file="makefun/tests/test_create_from_string.py" line="18" name="test_basic[type_hints=False-self_ref=True]" time="0.002022266387939453"></testcase><testcase classname="makefun.tests.test_create_from_string" file="makefun/tests/test_create_from_string.py" line="18" name="test_basic[type_hints=False-self_ref=False]" time="0.0019638538360595703"></testcase><testcase classname="makefun.tests.test_create_from_string" file="makefun/tests/test_create_from_string.py" line="18" name="test_basic[type_hints=1-self_ref=True]" time="0.0020101070404052734"></testcase><testcase classname="makefun.tests.test_create_from_string" file="makefun/tests/test_create_from_string.py" line="18" name="test_basic[type_hints=1-self_ref=False]" time="0.002027273178100586"></testcase><testcase classname="makefun.tests.test_create_from_string" file="makefun/tests/test_create_from_string.py" line="18" name="test_basic[type_hints=2-self_ref=True]" time="0.002002239227294922"></testcase><testcase classname="makefun.tests.test_create_from_string" file="makefun/tests/test_create_from_string.py" line="18" name="test_basic[type_hints=2-self_ref=False]" time="0.001997232437133789"></testcase><testcase classname="makefun.tests.test_create_from_string" file="makefun/tests/test_create_from_string.py" line="98" name="test_type_comments" time="0.0005614757537841797"><skipped message="This test is known to fail because inspect.signature does not detect comment type hints" type="pytest.skip">makefun/tests/test_create_from_string.py:98: This test is known to fail because inspect.signature does not detect comment type hints</skipped></testcase><testcase classname="makefun.tests.test_create_from_string" file="makefun/tests/test_create_from_string.py" line="117" name="test_arguments[case_simple]" time="0.002025127410888672"></testcase><testcase classname="makefun.tests.test_create_from_string" file="makefun/tests/test_create_from_string.py" line="117" name="test_arguments[case_simple_with_star]" time="0.00177001953125"></testcase><testcase classname="makefun.tests.test_create_from_string" file="makefun/tests/test_create_from_string.py" line="117" name="test_arguments[case_simple_with_star_args1]" time="0.0018210411071777344"></testcase><testcase classname="makefun.tests.test_create_from_string" file="makefun/tests/test_create_from_string.py" line="117" name="test_arguments[case_simple_with_star_args2]" time="0.0017764568328857422"></testcase><testcase classname="makefun.tests.test_create_from_string" file="makefun/tests/test_create_from_string.py" line="117" name="test_arguments[case_with_type_comments_and_newlines]" time="0.001827239990234375"></testcase><testcase classname="makefun.tests.test_doc" file="makefun/tests/test_doc.py" line="15" name="test_ex_nihilo[type=str-decorator=False]" time="0.0019922256469726562"><system-out>Generated Source :
def foo(b, a=0):
    return _func_impl_(b=b, a=a)

func_impl called !
</system-out></testcase><testcase classname="makefun.tests.test_doc" file="makefun/tests/test_doc.py" line="15" name="test_ex_nihilo[type=str-decorator=True]" time="0.0019567012786865234"><system-out>Generated Source :
def foo(b, a=0):
    return _func_impl_(b=b, a=a)

func_impl called !
</system-out></testcase><testcase classname="makefun.tests.test_doc" file="makefun/tests/test_doc.py" line="15" name="test_ex_nihilo[type=Signature-decorator=False]" time="0.0018961429595947266"><system-out>Generated Source :
def foo(b, a=0):
    return _func_impl_(b=b, a=a)

func_impl called !
</system-out></testcase><testcase classname="makefun.tests.test_doc" file="makefun/tests/test_doc.py" line="15" name="test_ex_nihilo[type=Signature-decorator=True]" time="0.0021224021911621094"><system-out>Generated Source :
def foo(b, a=0):
    return _func_impl_(b=b, a=a)

func_impl called !
</system-out></testcase><testcase classname="makefun.tests.test_doc" file="makefun/tests/test_doc.py" line="53" name="test_ex_nihilo_kw_only" time="0.0015959739685058594"><system-out>def foo(b, *, a=0, **kwargs):
    return _func_impl_(b=b, a=a, **kwargs)

</system-out></testcase><testcase classname="makefun.tests.test_doc" file="makefun/tests/test_doc.py" line="70" name="test_from_sig_wrapper[use_decorator=False]" time="0.0019233226776123047"><system-out>Original Signature: (b, a=0)
New Signature: (z, b, a=0)
Generated Source :
def foo(z, b, a=0):
    return _func_impl_(z=z, b=b, a=a)

func_impl called ! z=3
foo called: b=2, a=0
</system-out></testcase><testcase classname="makefun.tests.test_doc" file="makefun/tests/test_doc.py" line="70" name="test_from_sig_wrapper[use_decorator=True]" time="0.0019290447235107422"><system-out>Original Signature: (b, a=0)
New Signature: (z, b, a=0)
Generated Source :
def foo(z, b, a=0):
    return _func_impl_(z=z, b=b, a=a)

func_impl called ! z=3
foo called: b=2, a=0
</system-out></testcase><testcase classname="makefun.tests.test_doc" file="makefun/tests/test_doc.py" line="112" name="test_helper_functions" time="0.0013513565063476562"><system-out>original signature: (b, c, a=0)
modified signature: (z, c, o=True)
</system-out></testcase><testcase classname="makefun.tests.test_doc" file="makefun/tests/test_doc.py" line="132" name="test_injection" time="0.0019502639770507812"><system-out>This is generic handler called by func1
called from func1 !
This is generic handler called by func2
</system-out></testcase><testcase classname="makefun.tests.test_doc" file="makefun/tests/test_doc.py" line="149" name="test_var_length" time="0.002257823944091797"><system-out>def foo(a, b=0, *args, **kwargs):
    return _func_impl_(a, b, *args, **kwargs)

func_impl called !

func_impl called !

func_impl called !

def foo(b=0, *args, **kwargs):
    return _func_impl_(b, *args, **kwargs)

func_impl called !

func_impl called !

</system-out></testcase><testcase classname="makefun.tests.test_doc" file="makefun/tests/test_doc.py" line="199" name="test_positional_only" time="0.001253366470336914"></testcase><testcase classname="makefun.tests.test_doc" file="makefun/tests/test_doc.py" line="208" name="test_with_signature" time="0.0018520355224609375"></testcase><testcase classname="makefun.tests.test_doc" file="makefun/tests/test_doc.py" line="221" name="test_with_signature_none" time="0.001178741455078125"></testcase><testcase classname="makefun.tests.test_doc" file="makefun/tests/test_doc.py" line="237" name="test_wraps" time="0.0023458003997802734"></testcase><testcase classname="makefun.tests.test_doc" file="makefun/tests/test_doc.py" line="273" name="test_wraps_functools" time="0.0018382072448730469"></testcase><testcase classname="makefun.tests.test_generators_coroutines" file="makefun/tests/test_generators_coroutines.py" line="21" name="test_generator" time="0.0016851425170898438"></testcase><testcase classname="makefun.tests.test_generators_coroutines" file="makefun/tests/test_generators_coroutines.py" line="37" name="test_generator_with_signature" time="0.0015468597412109375"></testcase><testcase classname="makefun.tests.test_generators_coroutines" file="makefun/tests/test_generators_coroutines.py" line="53" name="test_generator_based_coroutine" time="0.0015778541564941406"></testcase><testcase classname="makefun.tests.test_generators_coroutines" file="makefun/tests/test_generators_coroutines.py" line="77" name="test_native_coroutine" time="0.10273957252502441"></testcase><testcase classname="makefun.tests.test_issues" file="makefun/tests/test_issues.py" line="7" name="test_wraps_varpositional" time="0.0008690357208251953"><skipped message="known to fail" type="pytest.skip">makefun/tests/test_issues.py:7: known to fail</skipped></testcase><testcase classname="makefun.tests.test_issues" file="makefun/tests/test_issues.py" line="20" name="test_varpositional2" time="0.0022211074829101562"></testcase><testcase classname="makefun.tests.test_issues" file="makefun/tests/test_issues.py" line="31" name="test_invalid_signature_str" time="0.0017681121826171875"></testcase><testcase classname="makefun.tests.test_issues" file="makefun/tests/test_issues.py" line="41" name="test_invalid_signature_str_py3" time="0.0017480850219726562"></testcase><testcase classname="makefun.tests.test_issues" file="makefun/tests/test_issues.py" line="51" name="test_return_annotation_in_py2" time="0.0016603469848632812"></testcase><testcase classname="makefun.tests.test_issues" file="makefun/tests/test_issues.py" line="65" name="test_init_replaced" time="0.0019114017486572266"></testcase><testcase classname="makefun.tests.test_issues" file="makefun/tests/test_issues.py" line="81" name="test_issue_55" time="0.001607656478881836"></testcase><testcase classname="makefun.tests.test_partial_and_macros" file="makefun/tests/test_partial_and_macros.py" line="10" name="test_doc" time="0.007770061492919922"><system-out>Help on function bar in module makefun.tests.test_partial_and_macros:

bar(y, x=12)
    &lt;This function is equivalent to &apos;foo(y, x=12)&apos;, see original &apos;foo&apos; doc below.&gt;
    
    a `foo` function
    
    :param x:
    :param y:
    :return:

</system-out></testcase><testcase classname="makefun.tests.test_partial_and_macros" file="makefun/tests/test_partial_and_macros.py" line="44" name="test_partial" time="0.015024900436401367"><system-out>2
1 hello
Help on function foo in module makefun.tests.test_partial_and_macros:

foo(x, a, y=&apos;hello&apos;)
    &lt;This function is equivalent to &apos;foo(x, a, y=&apos;hello&apos;)&apos;, see original &apos;foo&apos; doc below.&gt;
    
    a `foo` function
    
    :param x:
    :param y:
    :param a:
    :return:

</system-out></testcase><testcase classname="makefun.tests.test_partial_and_macros" file="makefun/tests/test_partial_and_macros.py" line="74" name="test_issue_57" time="0.0019040107727050781"></testcase><testcase classname="makefun.tests.test_partial_and_macros" file="makefun/tests/test_partial_and_macros.py" line="96" name="test_create_with_partial" time="0.0018486976623535156"></testcase><testcase classname="makefun.tests.test_so" file="makefun/tests/test_so.py" line="14" name="test_create_facades" time="0.00345611572265625"></testcase><testcase classname="makefun.tests.test_so" file="makefun/tests/test_so.py" line="76" name="test_so_decorator" time="0.002020120620727539"><system-out>Help on function hello in module makefun.tests.test_so:

hello()
    what?

</system-out></testcase><testcase classname="makefun.tests.test_so" file="makefun/tests/test_so.py" line="111" name="test_so_facade" time="0.0023589134216308594"></testcase><testcase classname="makefun.tests.test_so" file="makefun/tests/test_so.py" line="149" name="test_so_sig_preserving" time="0.002588510513305664"></testcase><testcase classname="makefun.tests.test_so" file="makefun/tests/test_so.py" line="183" name="test_sig_preserving_2" time="0.0025548934936523438"></testcase><testcase classname="makefun.tests.test_so" file="makefun/tests/test_so.py" line="230" name="test_so_partial" time="0.0026960372924804688"></testcase><testcase classname="makefun.tests.test_so" file="makefun/tests/test_so.py" line="260" name="test_so_partial2" time="0.0032014846801757812"></testcase></testsuite>