<?xml version="1.0" encoding="utf-8"?><testsuite errors="0" failures="0" name="pytest" skips="0" tests="2" time="0.081"><testcase classname="makefun.tests.test_main" file="makefun/tests/test_main.py" line="16" name="test_basic[True]" time="0.0026216506958007812"></testcase><testcase classname="makefun.tests.test_main" file="makefun/tests/test_main.py" line="16" name="test_basic[False]" time="0.0021996498107910156"></testcase></testsuite>