<?xml version="1.0" encoding="utf-8"?><testsuite errors="0" failures="0" name="pytest" skips="1" tests="27" time="0.522"><testcase classname="makefun.tests.test_create_from_signature" file="makefun/tests/test_create_from_signature.py" line="16" name="test_positional_only" time="0.0024046897888183594"><system-err>Error in generated code:
def foo(a, /, *args, **kwargs):
    return _call_handler_(a, *args, **kwargs)

</system-err></testcase><testcase classname="makefun.tests.test_create_from_string" file="makefun/tests/test_create_from_string.py" line="18" name="test_basic[type_hints=False-self_ref=True]" time="0.002964019775390625"></testcase><testcase classname="makefun.tests.test_create_from_string" file="makefun/tests/test_create_from_string.py" line="18" name="test_basic[type_hints=False-self_ref=False]" time="0.0026597976684570312"></testcase><testcase classname="makefun.tests.test_create_from_string" file="makefun/tests/test_create_from_string.py" line="18" name="test_basic[type_hints=1-self_ref=True]" time="0.0029909610748291016"></testcase><testcase classname="makefun.tests.test_create_from_string" file="makefun/tests/test_create_from_string.py" line="18" name="test_basic[type_hints=1-self_ref=False]" time="0.0027196407318115234"></testcase><testcase classname="makefun.tests.test_create_from_string" file="makefun/tests/test_create_from_string.py" line="18" name="test_basic[type_hints=2-self_ref=True]" time="0.0019719600677490234"></testcase><testcase classname="makefun.tests.test_create_from_string" file="makefun/tests/test_create_from_string.py" line="18" name="test_basic[type_hints=2-self_ref=False]" time="0.002311229705810547"></testcase><testcase classname="makefun.tests.test_create_from_string" file="makefun/tests/test_create_from_string.py" line="98" name="test_type_comments" time="0.0010807514190673828"><skipped message="This test is known to fail because inspect.signature does not detect comment type hints" type="pytest.skip">makefun/tests/test_create_from_string.py:98: &lt;py._xmlgen.raw object at 0x7f1dce95f320&gt;</skipped></testcase><testcase classname="makefun.tests.test_create_from_string" file="makefun/tests/test_create_from_string.py" line="117" name="test_arguments[case_simple]" time="0.0027322769165039062"></testcase><testcase classname="makefun.tests.test_create_from_string" file="makefun/tests/test_create_from_string.py" line="117" name="test_arguments[case_simple_with_star]" time="0.002656221389770508"></testcase><testcase classname="makefun.tests.test_create_from_string" file="makefun/tests/test_create_from_string.py" line="117" name="test_arguments[case_simple_with_star_args1]" time="0.0020880699157714844"></testcase><testcase classname="makefun.tests.test_create_from_string" file="makefun/tests/test_create_from_string.py" line="117" name="test_arguments[case_simple_with_star_args2]" time="0.002331972122192383"></testcase><testcase classname="makefun.tests.test_create_from_string" file="makefun/tests/test_create_from_string.py" line="117" name="test_arguments[case_with_type_comments_and_newlines]" time="0.002597808837890625"></testcase><testcase classname="makefun.tests.test_doc" file="makefun/tests/test_doc.py" line="14" name="test_from_string" time="0.002742767333984375"><system-out>Generated Source :
def foo(b, a=0):
    return _call_handler_(b=b, a=a)

my_handler called !
def foo(b, *, a=0, **kwargs):
    return _call_handler_(b=b, a=a, **kwargs)

</system-out></testcase><testcase classname="makefun.tests.test_doc" file="makefun/tests/test_doc.py" line="49" name="test_from_sig" time="0.00215911865234375"><system-out>Original Signature: (b, a=0)
New Signature: (z, b, a=0)
Generated Source :
def foo(z, b, a=0):
    return _call_handler_(z=z, b=b, a=a)

my_handler called ! z=3
foo called: b=2, a=0
</system-out></testcase><testcase classname="makefun.tests.test_doc" file="makefun/tests/test_doc.py" line="87" name="test_helper_functions" time="0.0015215873718261719"></testcase><testcase classname="makefun.tests.test_doc" file="makefun/tests/test_doc.py" line="104" name="test_injection" time="0.001886606216430664"><system-out>This is generic handler called by func1
called from func1 !
This is generic handler called by func2
</system-out></testcase><testcase classname="makefun.tests.test_doc" file="makefun/tests/test_doc.py" line="121" name="test_var_length" time="0.0019974708557128906"><system-out>def foo(a=0, *args, **kwargs):
    return _call_handler_(a=a, *args, **kwargs)

my_handler called !
</system-out></testcase><testcase classname="makefun.tests.test_doc" file="makefun/tests/test_doc.py" line="136" name="test_positional_only" time="0.0013222694396972656"></testcase><testcase classname="makefun.tests.test_doc" file="makefun/tests/test_doc.py" line="145" name="test_with_signature" time="0.002190113067626953"></testcase><testcase classname="makefun.tests.test_doc" file="makefun/tests/test_doc.py" line="158" name="test_with_signature_none" time="0.0015001296997070312"></testcase><testcase classname="makefun.tests.test_doc" file="makefun/tests/test_doc.py" line="174" name="test_with_signature_wrapper" time="0.003139972686767578"></testcase><testcase classname="makefun.tests.test_generators_coroutines" file="makefun/tests/test_generators_coroutines.py" line="21" name="test_generator" time="0.0014719963073730469"></testcase><testcase classname="makefun.tests.test_generators_coroutines" file="makefun/tests/test_generators_coroutines.py" line="37" name="test_generator_with_signature" time="0.002005338668823242"></testcase><testcase classname="makefun.tests.test_generators_coroutines" file="makefun/tests/test_generators_coroutines.py" line="53" name="test_generator_based_coroutine" time="0.0020155906677246094"></testcase><testcase classname="makefun.tests.test_generators_coroutines" file="makefun/tests/test_generators_coroutines.py" line="77" name="test_native_coroutine" time="0.14256858825683594"></testcase><testcase classname="makefun.tests.test_so" file="makefun/tests/test_so.py" line="9" name="test_create_facades" time="0.002452373504638672"><system-out>This is generic handler called by func1
called from func1 !
This is generic handler called by func2
This is generic handler called by func3
</system-out></testcase></testsuite>