<?xml version="1.0" encoding="utf-8"?><testsuite errors="0" failures="0" name="pytest" skips="2" tests="58" time="0.654"><testcase classname="makefun.tests.test_advanced" file="makefun/tests/test_advanced.py" line="15" name="test_non_representable_defaults" time="0.004366636276245117"></testcase><testcase classname="makefun.tests.test_advanced" file="makefun/tests/test_advanced.py" line="28" name="test_preserve_attributes" time="0.00147247314453125"></testcase><testcase classname="makefun.tests.test_advanced" file="makefun/tests/test_advanced.py" line="43" name="test_empty_name_in_string" time="0.0013282299041748047"></testcase><testcase classname="makefun.tests.test_advanced" file="makefun/tests/test_advanced.py" line="56" name="test_same_than_wraps_basic" time="0.0020132064819335938"></testcase><testcase classname="makefun.tests.test_advanced" file="makefun/tests/test_advanced.py" line="88" name="tests_wraps_sigchange" time="0.0019526481628417969"></testcase><testcase classname="makefun.tests.test_advanced" file="makefun/tests/test_advanced.py" line="110" name="test_qualname_when_nested" time="0.0012807846069335938"></testcase><testcase classname="makefun.tests.test_advanced" file="makefun/tests/test_advanced.py" line="131" name="test_type_hint_error" time="0.03050518035888672"></testcase><testcase classname="makefun.tests.test_advanced" file="makefun/tests/test_advanced.py" line="145" name="test_type_hint_error2" time="0.00209808349609375"></testcase><testcase classname="makefun.tests.test_compile_deco" file="makefun/tests/test_compile_deco.py" line="8" name="test_compilefun" time="0.006364583969116211"></testcase><testcase classname="makefun.tests.test_compile_deco" file="makefun/tests/test_compile_deco.py" line="24" name="test_compilefun_nested" time="0.0025124549865722656"></testcase><testcase classname="makefun.tests.test_compile_deco" file="makefun/tests/test_compile_deco.py" line="36" name="test_compilefun_method" time="0.0031468868255615234"><system-out>in A.meth1: par1 = via meth1
</system-out></testcase><testcase classname="makefun.tests.test_create_from_signature" file="makefun/tests/test_create_from_signature.py" line="16" name="test_positional_only" time="0.0015850067138671875"><system-err>Error in generated code:
def foo(a, /, *args, **kwargs):
    return _func_impl_(a, *args, **kwargs)

</system-err></testcase><testcase classname="makefun.tests.test_create_from_string" file="makefun/tests/test_create_from_string.py" line="18" name="test_basic[type_hints=False-self_ref=True]" time="0.0021257400512695312"></testcase><testcase classname="makefun.tests.test_create_from_string" file="makefun/tests/test_create_from_string.py" line="18" name="test_basic[type_hints=False-self_ref=False]" time="0.002022266387939453"></testcase><testcase classname="makefun.tests.test_create_from_string" file="makefun/tests/test_create_from_string.py" line="18" name="test_basic[type_hints=1-self_ref=True]" time="0.0020020008087158203"></testcase><testcase classname="makefun.tests.test_create_from_string" file="makefun/tests/test_create_from_string.py" line="18" name="test_basic[type_hints=1-self_ref=False]" time="0.002228260040283203"></testcase><testcase classname="makefun.tests.test_create_from_string" file="makefun/tests/test_create_from_string.py" line="18" name="test_basic[type_hints=2-self_ref=True]" time="0.0028972625732421875"></testcase><testcase classname="makefun.tests.test_create_from_string" file="makefun/tests/test_create_from_string.py" line="18" name="test_basic[type_hints=2-self_ref=False]" time="0.0019979476928710938"></testcase><testcase classname="makefun.tests.test_create_from_string" file="makefun/tests/test_create_from_string.py" line="98" name="test_type_comments" time="0.0005617141723632812"><skipped message="This test is known to fail because inspect.signature does not detect comment type hints" type="pytest.skip">makefun/tests/test_create_from_string.py:98: This test is known to fail because inspect.signature does not detect comment type hints</skipped></testcase><testcase classname="makefun.tests.test_create_from_string" file="makefun/tests/test_create_from_string.py" line="117" name="test_arguments[case_simple]" time="0.0015201568603515625"></testcase><testcase classname="makefun.tests.test_create_from_string" file="makefun/tests/test_create_from_string.py" line="117" name="test_arguments[case_simple_with_star]" time="0.0018448829650878906"></testcase><testcase classname="makefun.tests.test_create_from_string" file="makefun/tests/test_create_from_string.py" line="117" name="test_arguments[case_simple_with_star_args1]" time="0.0019555091857910156"></testcase><testcase classname="makefun.tests.test_create_from_string" file="makefun/tests/test_create_from_string.py" line="117" name="test_arguments[case_simple_with_star_args2]" time="0.0018346309661865234"></testcase><testcase classname="makefun.tests.test_create_from_string" file="makefun/tests/test_create_from_string.py" line="117" name="test_arguments[case_with_type_comments_and_newlines]" time="0.0036225318908691406"></testcase><testcase classname="makefun.tests.test_doc" file="makefun/tests/test_doc.py" line="15" name="test_ex_nihilo[type=str-decorator=False]" time="0.002877473831176758"><system-out>Generated Source :
def foo(b, a=0):
    return _func_impl_(b=b, a=a)

func_impl called !
</system-out></testcase><testcase classname="makefun.tests.test_doc" file="makefun/tests/test_doc.py" line="15" name="test_ex_nihilo[type=str-decorator=True]" time="0.0020318031311035156"><system-out>Generated Source :
def foo(b, a=0):
    return _func_impl_(b=b, a=a)

func_impl called !
</system-out></testcase><testcase classname="makefun.tests.test_doc" file="makefun/tests/test_doc.py" line="15" name="test_ex_nihilo[type=Signature-decorator=False]" time="0.001973390579223633"><system-out>Generated Source :
def foo(b, a=0):
    return _func_impl_(b=b, a=a)

func_impl called !
</system-out></testcase><testcase classname="makefun.tests.test_doc" file="makefun/tests/test_doc.py" line="15" name="test_ex_nihilo[type=Signature-decorator=True]" time="0.002679586410522461"><system-out>Generated Source :
def foo(b, a=0):
    return _func_impl_(b=b, a=a)

func_impl called !
</system-out></testcase><testcase classname="makefun.tests.test_doc" file="makefun/tests/test_doc.py" line="53" name="test_ex_nihilo_kw_only" time="0.0021529197692871094"><system-out>def foo(b, *, a=0, **kwargs):
    return _func_impl_(b=b, a=a, **kwargs)

</system-out></testcase><testcase classname="makefun.tests.test_doc" file="makefun/tests/test_doc.py" line="70" name="test_from_sig_wrapper[use_decorator=False]" time="0.0020418167114257812"><system-out>Original Signature: (b, a=0)
New Signature: (z, b, a=0)
Generated Source :
def foo(z, b, a=0):
    return _func_impl_(z=z, b=b, a=a)

func_impl called ! z=3
foo called: b=2, a=0
</system-out></testcase><testcase classname="makefun.tests.test_doc" file="makefun/tests/test_doc.py" line="70" name="test_from_sig_wrapper[use_decorator=True]" time="0.0022530555725097656"><system-out>Original Signature: (b, a=0)
New Signature: (z, b, a=0)
Generated Source :
def foo(z, b, a=0):
    return _func_impl_(z=z, b=b, a=a)

func_impl called ! z=3
foo called: b=2, a=0
</system-out></testcase><testcase classname="makefun.tests.test_doc" file="makefun/tests/test_doc.py" line="112" name="test_helper_functions" time="0.0019905567169189453"><system-out>original signature: (b, c, a=0)
modified signature: (z, c, o=True)
</system-out></testcase><testcase classname="makefun.tests.test_doc" file="makefun/tests/test_doc.py" line="132" name="test_injection" time="0.003138303756713867"><system-out>This is generic handler called by func1
called from func1 !
This is generic handler called by func2
</system-out></testcase><testcase classname="makefun.tests.test_doc" file="makefun/tests/test_doc.py" line="149" name="test_var_length" time="0.0030345916748046875"><system-out>def foo(a, b=0, *args, **kwargs):
    return _func_impl_(a, b, *args, **kwargs)

func_impl called !

func_impl called !

func_impl called !

def foo(b=0, *args, **kwargs):
    return _func_impl_(b, *args, **kwargs)

func_impl called !

func_impl called !

</system-out></testcase><testcase classname="makefun.tests.test_doc" file="makefun/tests/test_doc.py" line="199" name="test_positional_only" time="0.0017566680908203125"></testcase><testcase classname="makefun.tests.test_doc" file="makefun/tests/test_doc.py" line="208" name="test_with_signature" time="0.0019481182098388672"></testcase><testcase classname="makefun.tests.test_doc" file="makefun/tests/test_doc.py" line="221" name="test_with_signature_none" time="0.0014734268188476562"></testcase><testcase classname="makefun.tests.test_doc" file="makefun/tests/test_doc.py" line="237" name="test_wraps" time="0.0028696060180664062"></testcase><testcase classname="makefun.tests.test_doc" file="makefun/tests/test_doc.py" line="273" name="test_wraps_functools" time="0.002206563949584961"></testcase><testcase classname="makefun.tests.test_generators_coroutines" file="makefun/tests/test_generators_coroutines.py" line="21" name="test_generator" time="0.0031147003173828125"></testcase><testcase classname="makefun.tests.test_generators_coroutines" file="makefun/tests/test_generators_coroutines.py" line="37" name="test_generator_with_signature" time="0.0022318363189697266"></testcase><testcase classname="makefun.tests.test_generators_coroutines" file="makefun/tests/test_generators_coroutines.py" line="53" name="test_generator_based_coroutine" time="0.002112150192260742"></testcase><testcase classname="makefun.tests.test_generators_coroutines" file="makefun/tests/test_generators_coroutines.py" line="77" name="test_native_coroutine" time="0.10314726829528809"></testcase><testcase classname="makefun.tests.test_issues" file="makefun/tests/test_issues.py" line="7" name="test_wraps_varpositional" time="0.0008769035339355469"><skipped message="known to fail" type="pytest.skip">makefun/tests/test_issues.py:7: known to fail</skipped></testcase><testcase classname="makefun.tests.test_issues" file="makefun/tests/test_issues.py" line="20" name="test_varpositional2" time="0.002902984619140625"></testcase><testcase classname="makefun.tests.test_issues" file="makefun/tests/test_issues.py" line="31" name="test_invalid_signature_str" time="0.0022809505462646484"></testcase><testcase classname="makefun.tests.test_issues" file="makefun/tests/test_issues.py" line="41" name="test_invalid_signature_str_py3" time="0.0024445056915283203"></testcase><testcase classname="makefun.tests.test_issues" file="makefun/tests/test_issues.py" line="51" name="test_return_annotation_in_py2" time="0.001470327377319336"></testcase><testcase classname="makefun.tests.test_issues" file="makefun/tests/test_issues.py" line="65" name="test_init_replaced" time="0.0021681785583496094"></testcase><testcase classname="makefun.tests.test_partial_and_macros" file="makefun/tests/test_partial_and_macros.py" line="3" name="test_doc" time="0.006213188171386719"><system-out>Help on function bar in module makefun.tests.test_partial_and_macros:

bar(y)
    &lt;This function is equivalent to &apos;foo(y, x=12)&apos;, see original &apos;foo&apos; doc below.&gt;
    
    a `foo` function
    
    :param x:
    :param y:
    :return:

</system-out></testcase><testcase classname="makefun.tests.test_partial_and_macros" file="makefun/tests/test_partial_and_macros.py" line="21" name="test_partial" time="0.002287626266479492"><system-out>hello
1 2
Help on function foo in module makefun.tests.test_partial_and_macros:

foo(x, y)
    &lt;This function is equivalent to &apos;foo(x, y, a=hello)&apos;, see original &apos;foo&apos; doc below.&gt;
    
    a `foo` function
    
    :param x:
    :param y:
    :param a:
    :return:

</system-out></testcase><testcase classname="makefun.tests.test_so" file="makefun/tests/test_so.py" line="14" name="test_create_facades" time="0.004061222076416016"></testcase><testcase classname="makefun.tests.test_so" file="makefun/tests/test_so.py" line="76" name="test_so_decorator" time="0.004956483840942383"><system-out>Help on function hello in module makefun.tests.test_so:

hello()
    what?

</system-out></testcase><testcase classname="makefun.tests.test_so" file="makefun/tests/test_so.py" line="111" name="test_so_facade" time="0.003223419189453125"></testcase><testcase classname="makefun.tests.test_so" file="makefun/tests/test_so.py" line="149" name="test_so_sig_preserving" time="0.003932952880859375"></testcase><testcase classname="makefun.tests.test_so" file="makefun/tests/test_so.py" line="183" name="test_sig_preserving_2" time="0.0041980743408203125"></testcase><testcase classname="makefun.tests.test_so" file="makefun/tests/test_so.py" line="230" name="test_so_partial" time="0.0042989253997802734"></testcase><testcase classname="makefun.tests.test_so" file="makefun/tests/test_so.py" line="260" name="test_so_partial2" time="0.00839996337890625"></testcase></testsuite>