<?xml version="1.0" encoding="utf-8"?><testsuite errors="0" failures="0" name="pytest" skips="1" tests="33" time="0.563"><testcase classname="makefun.tests.test_create_from_signature" file="makefun/tests/test_create_from_signature.py" line="16" name="test_positional_only" time="0.0023272037506103516"><system-err>Error in generated code:
def foo(a, /, *args, **kwargs):
    return _call_handler_(a, *args, **kwargs)

</system-err></testcase><testcase classname="makefun.tests.test_create_from_string" file="makefun/tests/test_create_from_string.py" line="18" name="test_basic[type_hints=False-self_ref=True]" time="0.0025682449340820312"></testcase><testcase classname="makefun.tests.test_create_from_string" file="makefun/tests/test_create_from_string.py" line="18" name="test_basic[type_hints=False-self_ref=False]" time="0.002310037612915039"></testcase><testcase classname="makefun.tests.test_create_from_string" file="makefun/tests/test_create_from_string.py" line="18" name="test_basic[type_hints=1-self_ref=True]" time="0.0027511119842529297"></testcase><testcase classname="makefun.tests.test_create_from_string" file="makefun/tests/test_create_from_string.py" line="18" name="test_basic[type_hints=1-self_ref=False]" time="0.0023162364959716797"></testcase><testcase classname="makefun.tests.test_create_from_string" file="makefun/tests/test_create_from_string.py" line="18" name="test_basic[type_hints=2-self_ref=True]" time="0.002060413360595703"></testcase><testcase classname="makefun.tests.test_create_from_string" file="makefun/tests/test_create_from_string.py" line="18" name="test_basic[type_hints=2-self_ref=False]" time="0.0022521018981933594"></testcase><testcase classname="makefun.tests.test_create_from_string" file="makefun/tests/test_create_from_string.py" line="98" name="test_type_comments" time="0.0009317398071289062"><skipped message="This test is known to fail because inspect.signature does not detect comment type hints" type="pytest.skip">makefun/tests/test_create_from_string.py:98: &lt;py._xmlgen.raw object at 0x7fa7a40fff28&gt;</skipped></testcase><testcase classname="makefun.tests.test_create_from_string" file="makefun/tests/test_create_from_string.py" line="117" name="test_arguments[case_simple]" time="0.002135753631591797"></testcase><testcase classname="makefun.tests.test_create_from_string" file="makefun/tests/test_create_from_string.py" line="117" name="test_arguments[case_simple_with_star]" time="0.0020990371704101562"></testcase><testcase classname="makefun.tests.test_create_from_string" file="makefun/tests/test_create_from_string.py" line="117" name="test_arguments[case_simple_with_star_args1]" time="0.0025107860565185547"></testcase><testcase classname="makefun.tests.test_create_from_string" file="makefun/tests/test_create_from_string.py" line="117" name="test_arguments[case_simple_with_star_args2]" time="0.0021185874938964844"></testcase><testcase classname="makefun.tests.test_create_from_string" file="makefun/tests/test_create_from_string.py" line="117" name="test_arguments[case_with_type_comments_and_newlines]" time="0.001959562301635742"></testcase><testcase classname="makefun.tests.test_doc" file="makefun/tests/test_doc.py" line="14" name="test_ex_nihilo[type=str-decorator=False]" time="0.0023355484008789062"><system-out>Generated Source :
def foo(b, a=0):
    return _call_handler_(b=b, a=a)

func_impl called !
</system-out></testcase><testcase classname="makefun.tests.test_doc" file="makefun/tests/test_doc.py" line="14" name="test_ex_nihilo[type=str-decorator=True]" time="0.0022957324981689453"><system-out>Generated Source :
def foo(b, a=0):
    return _call_handler_(b=b, a=a)

func_impl called !
</system-out></testcase><testcase classname="makefun.tests.test_doc" file="makefun/tests/test_doc.py" line="14" name="test_ex_nihilo[type=Signature-decorator=False]" time="0.002100706100463867"><system-out>Generated Source :
def foo(b, a=0):
    return _call_handler_(b=b, a=a)

func_impl called !
</system-out></testcase><testcase classname="makefun.tests.test_doc" file="makefun/tests/test_doc.py" line="14" name="test_ex_nihilo[type=Signature-decorator=True]" time="0.0021452903747558594"><system-out>Generated Source :
def foo(b, a=0):
    return _call_handler_(b=b, a=a)

func_impl called !
</system-out></testcase><testcase classname="makefun.tests.test_doc" file="makefun/tests/test_doc.py" line="52" name="test_ex_nihilo_kw_only" time="0.0016012191772460938"><system-out>def foo(b, *, a=0, **kwargs):
    return _call_handler_(b=b, a=a, **kwargs)

</system-out></testcase><testcase classname="makefun.tests.test_doc" file="makefun/tests/test_doc.py" line="69" name="test_from_sig_wrapper" time="0.001844167709350586"><system-out>Original Signature: (b, a=0)
New Signature: (z, b, a=0)
Generated Source :
def foo(z, b, a=0):
    return _call_handler_(z=z, b=b, a=a)

func_impl called ! z=3
foo called: b=2, a=0
</system-out></testcase><testcase classname="makefun.tests.test_doc" file="makefun/tests/test_doc.py" line="107" name="test_helper_functions" time="0.0014681816101074219"></testcase><testcase classname="makefun.tests.test_doc" file="makefun/tests/test_doc.py" line="124" name="test_injection" time="0.0025148391723632812"><system-out>This is generic handler called by func1
called from func1 !
This is generic handler called by func2
</system-out></testcase><testcase classname="makefun.tests.test_doc" file="makefun/tests/test_doc.py" line="141" name="test_var_length" time="0.0017848014831542969"><system-out>def foo(a=0, *args, **kwargs):
    return _call_handler_(a=a, *args, **kwargs)

func_impl called !
</system-out></testcase><testcase classname="makefun.tests.test_doc" file="makefun/tests/test_doc.py" line="156" name="test_positional_only" time="0.0012385845184326172"></testcase><testcase classname="makefun.tests.test_doc" file="makefun/tests/test_doc.py" line="165" name="test_with_signature" time="0.001664876937866211"></testcase><testcase classname="makefun.tests.test_doc" file="makefun/tests/test_doc.py" line="178" name="test_with_signature_none" time="0.0011522769927978516"></testcase><testcase classname="makefun.tests.test_doc" file="makefun/tests/test_doc.py" line="194" name="test_wraps" time="0.002881765365600586"></testcase><testcase classname="makefun.tests.test_doc" file="makefun/tests/test_doc.py" line="230" name="test_wraps_functools" time="0.002274036407470703"></testcase><testcase classname="makefun.tests.test_generators_coroutines" file="makefun/tests/test_generators_coroutines.py" line="21" name="test_generator" time="0.0019049644470214844"></testcase><testcase classname="makefun.tests.test_generators_coroutines" file="makefun/tests/test_generators_coroutines.py" line="37" name="test_generator_with_signature" time="0.0018198490142822266"></testcase><testcase classname="makefun.tests.test_generators_coroutines" file="makefun/tests/test_generators_coroutines.py" line="53" name="test_generator_based_coroutine" time="0.0016353130340576172"></testcase><testcase classname="makefun.tests.test_generators_coroutines" file="makefun/tests/test_generators_coroutines.py" line="77" name="test_native_coroutine" time="0.15402460098266602"></testcase><testcase classname="makefun.tests.test_so" file="makefun/tests/test_so.py" line="6" name="test_create_facades" time="0.0035054683685302734"></testcase><testcase classname="makefun.tests.test_so" file="makefun/tests/test_so.py" line="68" name="test_so_decorator" time="0.007794380187988281"><system-out>Help on function hello in module makefun.tests.test_so:

hello()

</system-out></testcase></testsuite>